<?xml version="1.0" encoding="UTF-8"?>
<!-- Generated by org.testng.reporters.JUnitReportReporter -->
<testsuite skipped="0" hostname="pl1inpun0428pc" name="com.upday.editor.service.EditorServiceTest" tests="7" failures="0" timestamp="18 Dec 2018 15:33:36 GMT" time="0.062" errors="0">
  <testcase name="getArticlesByIdForNonExistentArticleTest" time="0.000" classname="com.upday.editor.service.EditorServiceTest"/>
  <testcase name="createArticleTest" time="0.016" classname="com.upday.editor.service.EditorServiceTest"/>
  <testcase name="createArticleWithDuplicateEntry" time="0.015" classname="com.upday.editor.service.EditorServiceTest"/>
  <testcase name="updateArticleFailTest" time="0.016" classname="com.upday.editor.service.EditorServiceTest"/>
  <testcase name="createArticleWithDaoException" time="0.015" classname="com.upday.editor.service.EditorServiceTest"/>
  <testcase name="getArticlesByIdTest" time="0.000" classname="com.upday.editor.service.EditorServiceTest"/>
  <testcase name="updateArticleTest" time="0.000" classname="com.upday.editor.service.EditorServiceTest"/>
</testsuite> <!-- com.upday.editor.service.EditorServiceTest -->
